<?xml version="1.0" encoding="UTF-8"?>
<testsuite xmlns:xsi="http://www.w3.org/2001/XMLSchema-instance" xsi:noNamespaceSchemaLocation="https://maven.apache.org/surefire/maven-surefire-plugin/xsd/surefire-test-report-3.0.xsd" version="3.0" name="com.example.sec.parser.ParserServiceApplicationTests" time="0.865" tests="1" errors="0" skipped="0" failures="0">
  <properties>
    <property name="java.specification.version" value="21"/>
    <property name="sun.jnu.encoding" value="UTF-8"/>
    <property name="java.class.path" value="/Users/kaustav/dev/QA-Agent/parser-service/target/test-classes:/Users/kaustav/dev/QA-Agent/parser-service/target/classes:/Users/kaustav/.m2/repository/org/springframework/boot/spring-boot-starter-web/3.2.5/spring-boot-starter-web-3.2.5.jar:/Users/kaustav/.m2/repository/org/springframework/boot/spring-boot-starter/3.2.5/spring-boot-starter-3.2.5.jar:/Users/kaustav/.m2/repository/org/springframework/boot/spring-boot/3.2.5/spring-boot-3.2.5.jar:/Users/kaustav/.m2/repository/org/springframework/boot/spring-boot-autoconfigure/3.2.5/spring-boot-autoconfigure-3.2.5.jar:/Users/kaustav/.m2/repository/org/springframework/boot/spring-boot-starter-logging/3.2.5/spring-boot-starter-logging-3.2.5.jar:/Users/kaustav/.m2/repository/ch/qos/logback/logback-classic/1.4.14/logback-classic-1.4.14.jar:/Users/kaustav/.m2/repository/ch/qos/logback/logback-core/1.4.14/logback-core-1.4.14.jar:/Users/kaustav/.m2/repository/org/apache/logging/log4j/log4j-to-slf4j/2.21.1/log4j-to-slf4j-2.21.1.jar:/Users/kaustav/.m2/repository/org/slf4j/jul-to-slf4j/2.0.13/jul-to-slf4j-2.0.13.jar:/Users/kaustav/.m2/repository/jakarta/annotation/jakarta.annotation-api/2.1.1/jakarta.annotation-api-2.1.1.jar:/Users/kaustav/.m2/repository/org/yaml/snakeyaml/2.2/snakeyaml-2.2.jar:/Users/kaustav/.m2/repository/org/springframework/boot/spring-boot-starter-json/3.2.5/spring-boot-starter-json-3.2.5.jar:/Users/kaustav/.m2/repository/com/fasterxml/jackson/datatype/jackson-datatype-jdk8/2.15.4/jackson-datatype-jdk8-2.15.4.jar:/Users/kaustav/.m2/repository/com/fasterxml/jackson/datatype/jackson-datatype-jsr310/2.15.4/jackson-datatype-jsr310-2.15.4.jar:/Users/kaustav/.m2/repository/com/fasterxml/jackson/module/jackson-module-parameter-names/2.15.4/jackson-module-parameter-names-2.15.4.jar:/Users/kaustav/.m2/repository/org/springframework/boot/spring-boot-starter-tomcat/3.2.5/spring-boot-starter-tomcat-3.2.5.jar:/Users/kaustav/.m2/repository/org/apache/tomcat/embed/tomcat-embed-core/10.1.20/tomcat-embed-core-10.1.20.jar:/Users/kaustav/.m2/repository/org/apache/tomcat/embed/tomcat-embed-el/10.1.20/tomcat-embed-el-10.1.20.jar:/Users/kaustav/.m2/repository/org/apache/tomcat/embed/tomcat-embed-websocket/10.1.20/tomcat-embed-websocket-10.1.20.jar:/Users/kaustav/.m2/repository/org/springframework/spring-web/6.1.6/spring-web-6.1.6.jar:/Users/kaustav/.m2/repository/org/springframework/spring-beans/6.1.6/spring-beans-6.1.6.jar:/Users/kaustav/.m2/repository/io/micrometer/micrometer-observation/1.12.5/micrometer-observation-1.12.5.jar:/Users/kaustav/.m2/repository/io/micrometer/micrometer-commons/1.12.5/micrometer-commons-1.12.5.jar:/Users/kaustav/.m2/repository/org/springframework/spring-webmvc/6.1.6/spring-webmvc-6.1.6.jar:/Users/kaustav/.m2/repository/org/springframework/spring-aop/6.1.6/spring-aop-6.1.6.jar:/Users/kaustav/.m2/repository/org/springframework/spring-context/6.1.6/spring-context-6.1.6.jar:/Users/kaustav/.m2/repository/org/springframework/spring-expression/6.1.6/spring-expression-6.1.6.jar:/Users/kaustav/.m2/repository/io/minio/minio/8.5.2/minio-8.5.2.jar:/Users/kaustav/.m2/repository/com/carrotsearch/thirdparty/simple-xml-safe/2.7.1/simple-xml-safe-2.7.1.jar:/Users/kaustav/.m2/repository/com/google/guava/guava/30.1.1-jre/guava-30.1.1-jre.jar:/Users/kaustav/.m2/repository/com/google/guava/failureaccess/1.0.1/failureaccess-1.0.1.jar:/Users/kaustav/.m2/repository/com/google/guava/listenablefuture/9999.0-empty-to-avoid-conflict-with-guava/listenablefuture-9999.0-empty-to-avoid-conflict-with-guava.jar:/Users/kaustav/.m2/repository/com/google/code/findbugs/jsr305/3.0.2/jsr305-3.0.2.jar:/Users/kaustav/.m2/repository/org/checkerframework/checker-qual/3.8.0/checker-qual-3.8.0.jar:/Users/kaustav/.m2/repository/com/google/errorprone/error_prone_annotations/2.5.1/error_prone_annotations-2.5.1.jar:/Users/kaustav/.m2/repository/com/google/j2objc/j2objc-annotations/1.3/j2objc-annotations-1.3.jar:/Users/kaustav/.m2/repository/com/squareup/okhttp3/okhttp/4.12.0/okhttp-4.12.0.jar:/Users/kaustav/.m2/repository/com/squareup/okio/okio/3.6.0/okio-3.6.0.jar:/Users/kaustav/.m2/repository/com/squareup/okio/okio-jvm/3.6.0/okio-jvm-3.6.0.jar:/Users/kaustav/.m2/repository/org/jetbrains/kotlin/kotlin-stdlib-common/1.9.23/kotlin-stdlib-common-1.9.23.jar:/Users/kaustav/.m2/repository/org/jetbrains/kotlin/kotlin-stdlib-jdk8/1.9.23/kotlin-stdlib-jdk8-1.9.23.jar:/Users/kaustav/.m2/repository/org/jetbrains/kotlin/kotlin-stdlib/1.9.23/kotlin-stdlib-1.9.23.jar:/Users/kaustav/.m2/repository/org/jetbrains/annotations/13.0/annotations-13.0.jar:/Users/kaustav/.m2/repository/org/jetbrains/kotlin/kotlin-stdlib-jdk7/1.9.23/kotlin-stdlib-jdk7-1.9.23.jar:/Users/kaustav/.m2/repository/com/fasterxml/jackson/core/jackson-annotations/2.15.4/jackson-annotations-2.15.4.jar:/Users/kaustav/.m2/repository/com/fasterxml/jackson/core/jackson-core/2.15.4/jackson-core-2.15.4.jar:/Users/kaustav/.m2/repository/com/fasterxml/jackson/core/jackson-databind/2.15.4/jackson-databind-2.15.4.jar:/Users/kaustav/.m2/repository/org/bouncycastle/bcprov-jdk15on/1.69/bcprov-jdk15on-1.69.jar:/Users/kaustav/.m2/repository/org/apache/commons/commons-compress/1.21/commons-compress-1.21.jar:/Users/kaustav/.m2/repository/org/xerial/snappy/snappy-java/1.1.8.4/snappy-java-1.1.8.4.jar:/Users/kaustav/.m2/repository/org/apache/tika/tika-core/2.9.1/tika-core-2.9.1.jar:/Users/kaustav/.m2/repository/org/slf4j/slf4j-api/2.0.13/slf4j-api-2.0.13.jar:/Users/kaustav/.m2/repository/commons-io/commons-io/2.14.0/commons-io-2.14.0.jar:/Users/kaustav/.m2/repository/org/apache/tika/tika-parsers-standard-package/2.9.1/tika-parsers-standard-package-2.9.1.jar:/Users/kaustav/.m2/repository/org/apache/tika/tika-parser-apple-module/2.9.1/tika-parser-apple-module-2.9.1.jar:/Users/kaustav/.m2/repository/org/apache/tika/tika-parser-zip-commons/2.9.1/tika-parser-zip-commons-2.9.1.jar:/Users/kaustav/.m2/repository/com/googlecode/plist/dd-plist/1.27/dd-plist-1.27.jar:/Users/kaustav/.m2/repository/org/apache/tika/tika-parser-audiovideo-module/2.9.1/tika-parser-audiovideo-module-2.9.1.jar:/Users/kaustav/.m2/repository/com/drewnoakes/metadata-extractor/2.18.0/metadata-extractor-2.18.0.jar:/Users/kaustav/.m2/repository/com/adobe/xmp/xmpcore/6.1.11/xmpcore-6.1.11.jar:/Users/kaustav/.m2/repository/org/apache/tika/tika-parser-cad-module/2.9.1/tika-parser-cad-module-2.9.1.jar:/Users/kaustav/.m2/repository/org/apache/tika/tika-parser-code-module/2.9.1/tika-parser-code-module-2.9.1.jar:/Users/kaustav/.m2/repository/org/codelibs/jhighlight/1.1.0/jhighlight-1.1.0.jar:/Users/kaustav/.m2/repository/org/ccil/cowan/tagsoup/tagsoup/1.2.1/tagsoup-1.2.1.jar:/Users/kaustav/.m2/repository/org/ow2/asm/asm/9.6/asm-9.6.jar:/Users/kaustav/.m2/repository/com/epam/parso/2.0.14/parso-2.0.14.jar:/Users/kaustav/.m2/repository/org/tallison/jmatio/1.5/jmatio-1.5.jar:/Users/kaustav/.m2/repository/org/apache/tika/tika-parser-crypto-module/2.9.1/tika-parser-crypto-module-2.9.1.jar:/Users/kaustav/.m2/repository/org/bouncycastle/bcmail-jdk18on/1.76/bcmail-jdk18on-1.76.jar:/Users/kaustav/.m2/repository/org/bouncycastle/bcutil-jdk18on/1.76/bcutil-jdk18on-1.76.jar:/Users/kaustav/.m2/repository/org/bouncycastle/bcpkix-jdk18on/1.76/bcpkix-jdk18on-1.76.jar:/Users/kaustav/.m2/repository/org/bouncycastle/bcprov-jdk18on/1.76/bcprov-jdk18on-1.76.jar:/Users/kaustav/.m2/repository/org/apache/tika/tika-parser-digest-commons/2.9.1/tika-parser-digest-commons-2.9.1.jar:/Users/kaustav/.m2/repository/commons-codec/commons-codec/1.16.1/commons-codec-1.16.1.jar:/Users/kaustav/.m2/repository/org/apache/tika/tika-parser-font-module/2.9.1/tika-parser-font-module-2.9.1.jar:/Users/kaustav/.m2/repository/org/apache/pdfbox/fontbox/2.0.29/fontbox-2.0.29.jar:/Users/kaustav/.m2/repository/org/apache/tika/tika-parser-html-module/2.9.1/tika-parser-html-module-2.9.1.jar:/Users/kaustav/.m2/repository/org/apache/tika/tika-parser-image-module/2.9.1/tika-parser-image-module-2.9.1.jar:/Users/kaustav/.m2/repository/com/github/jai-imageio/jai-imageio-core/1.4.0/jai-imageio-core-1.4.0.jar:/Users/kaustav/.m2/repository/org/apache/pdfbox/jbig2-imageio/3.0.4/jbig2-imageio-3.0.4.jar:/Users/kaustav/.m2/repository/org/apache/tika/tika-parser-mail-module/2.9.1/tika-parser-mail-module-2.9.1.jar:/Users/kaustav/.m2/repository/org/apache/tika/tika-parser-mail-commons/2.9.1/tika-parser-mail-commons-2.9.1.jar:/Users/kaustav/.m2/repository/org/apache/james/apache-mime4j-core/0.8.9/apache-mime4j-core-0.8.9.jar:/Users/kaustav/.m2/repository/org/apache/james/apache-mime4j-dom/0.8.9/apache-mime4j-dom-0.8.9.jar:/Users/kaustav/.m2/repository/org/apache/tika/tika-parser-microsoft-module/2.9.1/tika-parser-microsoft-module-2.9.1.jar:/Users/kaustav/.m2/repository/com/pff/java-libpst/0.9.3/java-libpst-0.9.3.jar:/Users/kaustav/.m2/repository/org/apache/commons/commons-lang3/3.13.0/commons-lang3-3.13.0.jar:/Users/kaustav/.m2/repository/org/apache/poi/poi/5.2.3/poi-5.2.3.jar:/Users/kaustav/.m2/repository/org/apache/commons/commons-math3/3.6.1/commons-math3-3.6.1.jar:/Users/kaustav/.m2/repository/com/zaxxer/SparseBitSet/1.2/SparseBitSet-1.2.jar:/Users/kaustav/.m2/repository/org/apache/logging/log4j/log4j-api/2.21.1/log4j-api-2.21.1.jar:/Users/kaustav/.m2/repository/org/apache/poi/poi-scratchpad/5.2.3/poi-scratchpad-5.2.3.jar:/Users/kaustav/.m2/repository/org/apache/poi/poi-ooxml/5.2.3/poi-ooxml-5.2.3.jar:/Users/kaustav/.m2/repository/org/apache/poi/poi-ooxml-lite/5.2.3/poi-ooxml-lite-5.2.3.jar:/Users/kaustav/.m2/repository/org/apache/xmlbeans/xmlbeans/5.1.1/xmlbeans-5.1.1.jar:/Users/kaustav/.m2/repository/com/github/virtuald/curvesapi/1.07/curvesapi-1.07.jar:/Users/kaustav/.m2/repository/commons-logging/commons-logging/1.2/commons-logging-1.2.jar:/Users/kaustav/.m2/repository/com/healthmarketscience/jackcess/jackcess/4.0.5/jackcess-4.0.5.jar:/Users/kaustav/.m2/repository/com/healthmarketscience/jackcess/jackcess-encrypt/4.0.2/jackcess-encrypt-4.0.2.jar:/Users/kaustav/.m2/repository/org/slf4j/jcl-over-slf4j/2.0.13/jcl-over-slf4j-2.0.13.jar:/Users/kaustav/.m2/repository/org/apache/tika/tika-parser-miscoffice-module/2.9.1/tika-parser-miscoffice-module-2.9.1.jar:/Users/kaustav/.m2/repository/org/apache/commons/commons-collections4/4.4/commons-collections4-4.4.jar:/Users/kaustav/.m2/repository/org/glassfish/jaxb/jaxb-runtime/4.0.5/jaxb-runtime-4.0.5.jar:/Users/kaustav/.m2/repository/org/glassfish/jaxb/jaxb-core/4.0.5/jaxb-core-4.0.5.jar:/Users/kaustav/.m2/repository/org/eclipse/angus/angus-activation/2.0.2/angus-activation-2.0.2.jar:/Users/kaustav/.m2/repository/org/glassfish/jaxb/txw2/4.0.5/txw2-4.0.5.jar:/Users/kaustav/.m2/repository/com/sun/istack/istack-commons-runtime/4.1.2/istack-commons-runtime-4.1.2.jar:/Users/kaustav/.m2/repository/org/apache/tika/tika-parser-news-module/2.9.1/tika-parser-news-module-2.9.1.jar:/Users/kaustav/.m2/repository/com/rometools/rome/2.1.0/rome-2.1.0.jar:/Users/kaustav/.m2/repository/com/rometools/rome-utils/2.1.0/rome-utils-2.1.0.jar:/Users/kaustav/.m2/repository/org/jdom/jdom2/2.0.6.1/jdom2-2.0.6.1.jar:/Users/kaustav/.m2/repository/org/apache/tika/tika-parser-ocr-module/2.9.1/tika-parser-ocr-module-2.9.1.jar:/Users/kaustav/.m2/repository/org/apache/commons/commons-exec/1.3/commons-exec-1.3.jar:/Users/kaustav/.m2/repository/org/apache/tika/tika-parser-pdf-module/2.9.1/tika-parser-pdf-module-2.9.1.jar:/Users/kaustav/.m2/repository/org/apache/pdfbox/pdfbox/2.0.29/pdfbox-2.0.29.jar:/Users/kaustav/.m2/repository/org/apache/pdfbox/pdfbox-tools/2.0.29/pdfbox-tools-2.0.29.jar:/Users/kaustav/.m2/repository/org/apache/pdfbox/jempbox/1.8.17/jempbox-1.8.17.jar:/Users/kaustav/.m2/repository/org/apache/tika/tika-parser-pkg-module/2.9.1/tika-parser-pkg-module-2.9.1.jar:/Users/kaustav/.m2/repository/org/tukaani/xz/1.9/xz-1.9.jar:/Users/kaustav/.m2/repository/org/brotli/dec/0.1.2/dec-0.1.2.jar:/Users/kaustav/.m2/repository/com/github/junrar/junrar/7.5.5/junrar-7.5.5.jar:/Users/kaustav/.m2/repository/org/apache/tika/tika-parser-text-module/2.9.1/tika-parser-text-module-2.9.1.jar:/Users/kaustav/.m2/repository/com/github/albfernandez/juniversalchardet/2.4.0/juniversalchardet-2.4.0.jar:/Users/kaustav/.m2/repository/org/apache/commons/commons-csv/1.10.0/commons-csv-1.10.0.jar:/Users/kaustav/.m2/repository/org/apache/tika/tika-parser-webarchive-module/2.9.1/tika-parser-webarchive-module-2.9.1.jar:/Users/kaustav/.m2/repository/org/netpreserve/jwarc/0.28.3/jwarc-0.28.3.jar:/Users/kaustav/.m2/repository/org/apache/tika/tika-parser-xml-module/2.9.1/tika-parser-xml-module-2.9.1.jar:/Users/kaustav/.m2/repository/xerces/xercesImpl/2.12.2/xercesImpl-2.12.2.jar:/Users/kaustav/.m2/repository/xml-apis/xml-apis/1.4.01/xml-apis-1.4.01.jar:/Users/kaustav/.m2/repository/org/apache/tika/tika-parser-xmp-commons/2.9.1/tika-parser-xmp-commons-2.9.1.jar:/Users/kaustav/.m2/repository/org/apache/pdfbox/xmpbox/2.0.29/xmpbox-2.0.29.jar:/Users/kaustav/.m2/repository/org/gagravarr/vorbis-java-tika/0.8/vorbis-java-tika-0.8.jar:/Users/kaustav/.m2/repository/org/gagravarr/vorbis-java-core/0.8/vorbis-java-core-0.8.jar:/Users/kaustav/.m2/repository/org/jsoup/jsoup/1.17.2/jsoup-1.17.2.jar:/Users/kaustav/.m2/repository/org/springframework/boot/spring-boot-starter-test/3.2.5/spring-boot-starter-test-3.2.5.jar:/Users/kaustav/.m2/repository/org/springframework/boot/spring-boot-test/3.2.5/spring-boot-test-3.2.5.jar:/Users/kaustav/.m2/repository/org/springframework/boot/spring-boot-test-autoconfigure/3.2.5/spring-boot-test-autoconfigure-3.2.5.jar:/Users/kaustav/.m2/repository/com/jayway/jsonpath/json-path/2.9.0/json-path-2.9.0.jar:/Users/kaustav/.m2/repository/jakarta/xml/bind/jakarta.xml.bind-api/4.0.2/jakarta.xml.bind-api-4.0.2.jar:/Users/kaustav/.m2/repository/jakarta/activation/jakarta.activation-api/2.1.3/jakarta.activation-api-2.1.3.jar:/Users/kaustav/.m2/repository/net/minidev/json-smart/2.5.1/json-smart-2.5.1.jar:/Users/kaustav/.m2/repository/net/minidev/accessors-smart/2.5.1/accessors-smart-2.5.1.jar:/Users/kaustav/.m2/repository/org/assertj/assertj-core/3.24.2/assertj-core-3.24.2.jar:/Users/kaustav/.m2/repository/net/bytebuddy/byte-buddy/1.14.13/byte-buddy-1.14.13.jar:/Users/kaustav/.m2/repository/org/awaitility/awaitility/4.2.1/awaitility-4.2.1.jar:/Users/kaustav/.m2/repository/org/hamcrest/hamcrest/2.2/hamcrest-2.2.jar:/Users/kaustav/.m2/repository/org/junit/jupiter/junit-jupiter/5.10.2/junit-jupiter-5.10.2.jar:/Users/kaustav/.m2/repository/org/junit/jupiter/junit-jupiter-api/5.10.2/junit-jupiter-api-5.10.2.jar:/Users/kaustav/.m2/repository/org/opentest4j/opentest4j/1.3.0/opentest4j-1.3.0.jar:/Users/kaustav/.m2/repository/org/junit/platform/junit-platform-commons/1.10.2/junit-platform-commons-1.10.2.jar:/Users/kaustav/.m2/repository/org/apiguardian/apiguardian-api/1.1.2/apiguardian-api-1.1.2.jar:/Users/kaustav/.m2/repository/org/junit/jupiter/junit-jupiter-params/5.10.2/junit-jupiter-params-5.10.2.jar:/Users/kaustav/.m2/repository/org/junit/jupiter/junit-jupiter-engine/5.10.2/junit-jupiter-engine-5.10.2.jar:/Users/kaustav/.m2/repository/org/junit/platform/junit-platform-engine/1.10.2/junit-platform-engine-1.10.2.jar:/Users/kaustav/.m2/repository/org/mockito/mockito-core/5.7.0/mockito-core-5.7.0.jar:/Users/kaustav/.m2/repository/net/bytebuddy/byte-buddy-agent/1.14.13/byte-buddy-agent-1.14.13.jar:/Users/kaustav/.m2/repository/org/objenesis/objenesis/3.3/objenesis-3.3.jar:/Users/kaustav/.m2/repository/org/mockito/mockito-junit-jupiter/5.7.0/mockito-junit-jupiter-5.7.0.jar:/Users/kaustav/.m2/repository/org/skyscreamer/jsonassert/1.5.1/jsonassert-1.5.1.jar:/Users/kaustav/.m2/repository/com/vaadin/external/google/android-json/0.0.20131108.vaadin1/android-json-0.0.20131108.vaadin1.jar:/Users/kaustav/.m2/repository/org/springframework/spring-core/6.1.6/spring-core-6.1.6.jar:/Users/kaustav/.m2/repository/org/springframework/spring-jcl/6.1.6/spring-jcl-6.1.6.jar:/Users/kaustav/.m2/repository/org/springframework/spring-test/6.1.6/spring-test-6.1.6.jar:/Users/kaustav/.m2/repository/org/xmlunit/xmlunit-core/2.9.1/xmlunit-core-2.9.1.jar:"/>
    <property name="java.vm.vendor" value="Homebrew"/>
    <property name="sun.arch.data.model" value="64"/>
    <property name="java.vendor.url" value="https://github.com/Homebrew/homebrew-core/issues"/>
    <property name="user.timezone" value="Asia/Kolkata"/>
    <property name="os.name" value="Mac OS X"/>
    <property name="java.vm.specification.version" value="21"/>
    <property name="sun.java.launcher" value="SUN_STANDARD"/>
    <property name="user.country" value="US"/>
    <property name="sun.boot.library.path" value="/opt/homebrew/Cellar/openjdk@21/21.0.7/libexec/openjdk.jdk/Contents/Home/lib"/>
    <property name="sun.java.command" value="/Users/kaustav/dev/QA-Agent/parser-service/target/surefire/surefirebooter-20250807170539176_8.jar /Users/kaustav/dev/QA-Agent/parser-service/target/surefire 2025-08-07T17-05-37_758-jvmRun1 surefire-20250807170539176_6tmp surefire_1-20250807170539176_7tmp"/>
    <property name="http.nonProxyHosts" value="local|*.local|169.254/16|*.169.254/16"/>
    <property name="jdk.debug" value="release"/>
    <property name="surefire.test.class.path" value="/Users/kaustav/dev/QA-Agent/parser-service/target/test-classes:/Users/kaustav/dev/QA-Agent/parser-service/target/classes:/Users/kaustav/.m2/repository/org/springframework/boot/spring-boot-starter-web/3.2.5/spring-boot-starter-web-3.2.5.jar:/Users/kaustav/.m2/repository/org/springframework/boot/spring-boot-starter/3.2.5/spring-boot-starter-3.2.5.jar:/Users/kaustav/.m2/repository/org/springframework/boot/spring-boot/3.2.5/spring-boot-3.2.5.jar:/Users/kaustav/.m2/repository/org/springframework/boot/spring-boot-autoconfigure/3.2.5/spring-boot-autoconfigure-3.2.5.jar:/Users/kaustav/.m2/repository/org/springframework/boot/spring-boot-starter-logging/3.2.5/spring-boot-starter-logging-3.2.5.jar:/Users/kaustav/.m2/repository/ch/qos/logback/logback-classic/1.4.14/logback-classic-1.4.14.jar:/Users/kaustav/.m2/repository/ch/qos/logback/logback-core/1.4.14/logback-core-1.4.14.jar:/Users/kaustav/.m2/repository/org/apache/logging/log4j/log4j-to-slf4j/2.21.1/log4j-to-slf4j-2.21.1.jar:/Users/kaustav/.m2/repository/org/slf4j/jul-to-slf4j/2.0.13/jul-to-slf4j-2.0.13.jar:/Users/kaustav/.m2/repository/jakarta/annotation/jakarta.annotation-api/2.1.1/jakarta.annotation-api-2.1.1.jar:/Users/kaustav/.m2/repository/org/yaml/snakeyaml/2.2/snakeyaml-2.2.jar:/Users/kaustav/.m2/repository/org/springframework/boot/spring-boot-starter-json/3.2.5/spring-boot-starter-json-3.2.5.jar:/Users/kaustav/.m2/repository/com/fasterxml/jackson/datatype/jackson-datatype-jdk8/2.15.4/jackson-datatype-jdk8-2.15.4.jar:/Users/kaustav/.m2/repository/com/fasterxml/jackson/datatype/jackson-datatype-jsr310/2.15.4/jackson-datatype-jsr310-2.15.4.jar:/Users/kaustav/.m2/repository/com/fasterxml/jackson/module/jackson-module-parameter-names/2.15.4/jackson-module-parameter-names-2.15.4.jar:/Users/kaustav/.m2/repository/org/springframework/boot/spring-boot-starter-tomcat/3.2.5/spring-boot-starter-tomcat-3.2.5.jar:/Users/kaustav/.m2/repository/org/apache/tomcat/embed/tomcat-embed-core/10.1.20/tomcat-embed-core-10.1.20.jar:/Users/kaustav/.m2/repository/org/apache/tomcat/embed/tomcat-embed-el/10.1.20/tomcat-embed-el-10.1.20.jar:/Users/kaustav/.m2/repository/org/apache/tomcat/embed/tomcat-embed-websocket/10.1.20/tomcat-embed-websocket-10.1.20.jar:/Users/kaustav/.m2/repository/org/springframework/spring-web/6.1.6/spring-web-6.1.6.jar:/Users/kaustav/.m2/repository/org/springframework/spring-beans/6.1.6/spring-beans-6.1.6.jar:/Users/kaustav/.m2/repository/io/micrometer/micrometer-observation/1.12.5/micrometer-observation-1.12.5.jar:/Users/kaustav/.m2/repository/io/micrometer/micrometer-commons/1.12.5/micrometer-commons-1.12.5.jar:/Users/kaustav/.m2/repository/org/springframework/spring-webmvc/6.1.6/spring-webmvc-6.1.6.jar:/Users/kaustav/.m2/repository/org/springframework/spring-aop/6.1.6/spring-aop-6.1.6.jar:/Users/kaustav/.m2/repository/org/springframework/spring-context/6.1.6/spring-context-6.1.6.jar:/Users/kaustav/.m2/repository/org/springframework/spring-expression/6.1.6/spring-expression-6.1.6.jar:/Users/kaustav/.m2/repository/io/minio/minio/8.5.2/minio-8.5.2.jar:/Users/kaustav/.m2/repository/com/carrotsearch/thirdparty/simple-xml-safe/2.7.1/simple-xml-safe-2.7.1.jar:/Users/kaustav/.m2/repository/com/google/guava/guava/30.1.1-jre/guava-30.1.1-jre.jar:/Users/kaustav/.m2/repository/com/google/guava/failureaccess/1.0.1/failureaccess-1.0.1.jar:/Users/kaustav/.m2/repository/com/google/guava/listenablefuture/9999.0-empty-to-avoid-conflict-with-guava/listenablefuture-9999.0-empty-to-avoid-conflict-with-guava.jar:/Users/kaustav/.m2/repository/com/google/code/findbugs/jsr305/3.0.2/jsr305-3.0.2.jar:/Users/kaustav/.m2/repository/org/checkerframework/checker-qual/3.8.0/checker-qual-3.8.0.jar:/Users/kaustav/.m2/repository/com/google/errorprone/error_prone_annotations/2.5.1/error_prone_annotations-2.5.1.jar:/Users/kaustav/.m2/repository/com/google/j2objc/j2objc-annotations/1.3/j2objc-annotations-1.3.jar:/Users/kaustav/.m2/repository/com/squareup/okhttp3/okhttp/4.12.0/okhttp-4.12.0.jar:/Users/kaustav/.m2/repository/com/squareup/okio/okio/3.6.0/okio-3.6.0.jar:/Users/kaustav/.m2/repository/com/squareup/okio/okio-jvm/3.6.0/okio-jvm-3.6.0.jar:/Users/kaustav/.m2/repository/org/jetbrains/kotlin/kotlin-stdlib-common/1.9.23/kotlin-stdlib-common-1.9.23.jar:/Users/kaustav/.m2/repository/org/jetbrains/kotlin/kotlin-stdlib-jdk8/1.9.23/kotlin-stdlib-jdk8-1.9.23.jar:/Users/kaustav/.m2/repository/org/jetbrains/kotlin/kotlin-stdlib/1.9.23/kotlin-stdlib-1.9.23.jar:/Users/kaustav/.m2/repository/org/jetbrains/annotations/13.0/annotations-13.0.jar:/Users/kaustav/.m2/repository/org/jetbrains/kotlin/kotlin-stdlib-jdk7/1.9.23/kotlin-stdlib-jdk7-1.9.23.jar:/Users/kaustav/.m2/repository/com/fasterxml/jackson/core/jackson-annotations/2.15.4/jackson-annotations-2.15.4.jar:/Users/kaustav/.m2/repository/com/fasterxml/jackson/core/jackson-core/2.15.4/jackson-core-2.15.4.jar:/Users/kaustav/.m2/repository/com/fasterxml/jackson/core/jackson-databind/2.15.4/jackson-databind-2.15.4.jar:/Users/kaustav/.m2/repository/org/bouncycastle/bcprov-jdk15on/1.69/bcprov-jdk15on-1.69.jar:/Users/kaustav/.m2/repository/org/apache/commons/commons-compress/1.21/commons-compress-1.21.jar:/Users/kaustav/.m2/repository/org/xerial/snappy/snappy-java/1.1.8.4/snappy-java-1.1.8.4.jar:/Users/kaustav/.m2/repository/org/apache/tika/tika-core/2.9.1/tika-core-2.9.1.jar:/Users/kaustav/.m2/repository/org/slf4j/slf4j-api/2.0.13/slf4j-api-2.0.13.jar:/Users/kaustav/.m2/repository/commons-io/commons-io/2.14.0/commons-io-2.14.0.jar:/Users/kaustav/.m2/repository/org/apache/tika/tika-parsers-standard-package/2.9.1/tika-parsers-standard-package-2.9.1.jar:/Users/kaustav/.m2/repository/org/apache/tika/tika-parser-apple-module/2.9.1/tika-parser-apple-module-2.9.1.jar:/Users/kaustav/.m2/repository/org/apache/tika/tika-parser-zip-commons/2.9.1/tika-parser-zip-commons-2.9.1.jar:/Users/kaustav/.m2/repository/com/googlecode/plist/dd-plist/1.27/dd-plist-1.27.jar:/Users/kaustav/.m2/repository/org/apache/tika/tika-parser-audiovideo-module/2.9.1/tika-parser-audiovideo-module-2.9.1.jar:/Users/kaustav/.m2/repository/com/drewnoakes/metadata-extractor/2.18.0/metadata-extractor-2.18.0.jar:/Users/kaustav/.m2/repository/com/adobe/xmp/xmpcore/6.1.11/xmpcore-6.1.11.jar:/Users/kaustav/.m2/repository/org/apache/tika/tika-parser-cad-module/2.9.1/tika-parser-cad-module-2.9.1.jar:/Users/kaustav/.m2/repository/org/apache/tika/tika-parser-code-module/2.9.1/tika-parser-code-module-2.9.1.jar:/Users/kaustav/.m2/repository/org/codelibs/jhighlight/1.1.0/jhighlight-1.1.0.jar:/Users/kaustav/.m2/repository/org/ccil/cowan/tagsoup/tagsoup/1.2.1/tagsoup-1.2.1.jar:/Users/kaustav/.m2/repository/org/ow2/asm/asm/9.6/asm-9.6.jar:/Users/kaustav/.m2/repository/com/epam/parso/2.0.14/parso-2.0.14.jar:/Users/kaustav/.m2/repository/org/tallison/jmatio/1.5/jmatio-1.5.jar:/Users/kaustav/.m2/repository/org/apache/tika/tika-parser-crypto-module/2.9.1/tika-parser-crypto-module-2.9.1.jar:/Users/kaustav/.m2/repository/org/bouncycastle/bcmail-jdk18on/1.76/bcmail-jdk18on-1.76.jar:/Users/kaustav/.m2/repository/org/bouncycastle/bcutil-jdk18on/1.76/bcutil-jdk18on-1.76.jar:/Users/kaustav/.m2/repository/org/bouncycastle/bcpkix-jdk18on/1.76/bcpkix-jdk18on-1.76.jar:/Users/kaustav/.m2/repository/org/bouncycastle/bcprov-jdk18on/1.76/bcprov-jdk18on-1.76.jar:/Users/kaustav/.m2/repository/org/apache/tika/tika-parser-digest-commons/2.9.1/tika-parser-digest-commons-2.9.1.jar:/Users/kaustav/.m2/repository/commons-codec/commons-codec/1.16.1/commons-codec-1.16.1.jar:/Users/kaustav/.m2/repository/org/apache/tika/tika-parser-font-module/2.9.1/tika-parser-font-module-2.9.1.jar:/Users/kaustav/.m2/repository/org/apache/pdfbox/fontbox/2.0.29/fontbox-2.0.29.jar:/Users/kaustav/.m2/repository/org/apache/tika/tika-parser-html-module/2.9.1/tika-parser-html-module-2.9.1.jar:/Users/kaustav/.m2/repository/org/apache/tika/tika-parser-image-module/2.9.1/tika-parser-image-module-2.9.1.jar:/Users/kaustav/.m2/repository/com/github/jai-imageio/jai-imageio-core/1.4.0/jai-imageio-core-1.4.0.jar:/Users/kaustav/.m2/repository/org/apache/pdfbox/jbig2-imageio/3.0.4/jbig2-imageio-3.0.4.jar:/Users/kaustav/.m2/repository/org/apache/tika/tika-parser-mail-module/2.9.1/tika-parser-mail-module-2.9.1.jar:/Users/kaustav/.m2/repository/org/apache/tika/tika-parser-mail-commons/2.9.1/tika-parser-mail-commons-2.9.1.jar:/Users/kaustav/.m2/repository/org/apache/james/apache-mime4j-core/0.8.9/apache-mime4j-core-0.8.9.jar:/Users/kaustav/.m2/repository/org/apache/james/apache-mime4j-dom/0.8.9/apache-mime4j-dom-0.8.9.jar:/Users/kaustav/.m2/repository/org/apache/tika/tika-parser-microsoft-module/2.9.1/tika-parser-microsoft-module-2.9.1.jar:/Users/kaustav/.m2/repository/com/pff/java-libpst/0.9.3/java-libpst-0.9.3.jar:/Users/kaustav/.m2/repository/org/apache/commons/commons-lang3/3.13.0/commons-lang3-3.13.0.jar:/Users/kaustav/.m2/repository/org/apache/poi/poi/5.2.3/poi-5.2.3.jar:/Users/kaustav/.m2/repository/org/apache/commons/commons-math3/3.6.1/commons-math3-3.6.1.jar:/Users/kaustav/.m2/repository/com/zaxxer/SparseBitSet/1.2/SparseBitSet-1.2.jar:/Users/kaustav/.m2/repository/org/apache/logging/log4j/log4j-api/2.21.1/log4j-api-2.21.1.jar:/Users/kaustav/.m2/repository/org/apache/poi/poi-scratchpad/5.2.3/poi-scratchpad-5.2.3.jar:/Users/kaustav/.m2/repository/org/apache/poi/poi-ooxml/5.2.3/poi-ooxml-5.2.3.jar:/Users/kaustav/.m2/repository/org/apache/poi/poi-ooxml-lite/5.2.3/poi-ooxml-lite-5.2.3.jar:/Users/kaustav/.m2/repository/org/apache/xmlbeans/xmlbeans/5.1.1/xmlbeans-5.1.1.jar:/Users/kaustav/.m2/repository/com/github/virtuald/curvesapi/1.07/curvesapi-1.07.jar:/Users/kaustav/.m2/repository/commons-logging/commons-logging/1.2/commons-logging-1.2.jar:/Users/kaustav/.m2/repository/com/healthmarketscience/jackcess/jackcess/4.0.5/jackcess-4.0.5.jar:/Users/kaustav/.m2/repository/com/healthmarketscience/jackcess/jackcess-encrypt/4.0.2/jackcess-encrypt-4.0.2.jar:/Users/kaustav/.m2/repository/org/slf4j/jcl-over-slf4j/2.0.13/jcl-over-slf4j-2.0.13.jar:/Users/kaustav/.m2/repository/org/apache/tika/tika-parser-miscoffice-module/2.9.1/tika-parser-miscoffice-module-2.9.1.jar:/Users/kaustav/.m2/repository/org/apache/commons/commons-collections4/4.4/commons-collections4-4.4.jar:/Users/kaustav/.m2/repository/org/glassfish/jaxb/jaxb-runtime/4.0.5/jaxb-runtime-4.0.5.jar:/Users/kaustav/.m2/repository/org/glassfish/jaxb/jaxb-core/4.0.5/jaxb-core-4.0.5.jar:/Users/kaustav/.m2/repository/org/eclipse/angus/angus-activation/2.0.2/angus-activation-2.0.2.jar:/Users/kaustav/.m2/repository/org/glassfish/jaxb/txw2/4.0.5/txw2-4.0.5.jar:/Users/kaustav/.m2/repository/com/sun/istack/istack-commons-runtime/4.1.2/istack-commons-runtime-4.1.2.jar:/Users/kaustav/.m2/repository/org/apache/tika/tika-parser-news-module/2.9.1/tika-parser-news-module-2.9.1.jar:/Users/kaustav/.m2/repository/com/rometools/rome/2.1.0/rome-2.1.0.jar:/Users/kaustav/.m2/repository/com/rometools/rome-utils/2.1.0/rome-utils-2.1.0.jar:/Users/kaustav/.m2/repository/org/jdom/jdom2/2.0.6.1/jdom2-2.0.6.1.jar:/Users/kaustav/.m2/repository/org/apache/tika/tika-parser-ocr-module/2.9.1/tika-parser-ocr-module-2.9.1.jar:/Users/kaustav/.m2/repository/org/apache/commons/commons-exec/1.3/commons-exec-1.3.jar:/Users/kaustav/.m2/repository/org/apache/tika/tika-parser-pdf-module/2.9.1/tika-parser-pdf-module-2.9.1.jar:/Users/kaustav/.m2/repository/org/apache/pdfbox/pdfbox/2.0.29/pdfbox-2.0.29.jar:/Users/kaustav/.m2/repository/org/apache/pdfbox/pdfbox-tools/2.0.29/pdfbox-tools-2.0.29.jar:/Users/kaustav/.m2/repository/org/apache/pdfbox/jempbox/1.8.17/jempbox-1.8.17.jar:/Users/kaustav/.m2/repository/org/apache/tika/tika-parser-pkg-module/2.9.1/tika-parser-pkg-module-2.9.1.jar:/Users/kaustav/.m2/repository/org/tukaani/xz/1.9/xz-1.9.jar:/Users/kaustav/.m2/repository/org/brotli/dec/0.1.2/dec-0.1.2.jar:/Users/kaustav/.m2/repository/com/github/junrar/junrar/7.5.5/junrar-7.5.5.jar:/Users/kaustav/.m2/repository/org/apache/tika/tika-parser-text-module/2.9.1/tika-parser-text-module-2.9.1.jar:/Users/kaustav/.m2/repository/com/github/albfernandez/juniversalchardet/2.4.0/juniversalchardet-2.4.0.jar:/Users/kaustav/.m2/repository/org/apache/commons/commons-csv/1.10.0/commons-csv-1.10.0.jar:/Users/kaustav/.m2/repository/org/apache/tika/tika-parser-webarchive-module/2.9.1/tika-parser-webarchive-module-2.9.1.jar:/Users/kaustav/.m2/repository/org/netpreserve/jwarc/0.28.3/jwarc-0.28.3.jar:/Users/kaustav/.m2/repository/org/apache/tika/tika-parser-xml-module/2.9.1/tika-parser-xml-module-2.9.1.jar:/Users/kaustav/.m2/repository/xerces/xercesImpl/2.12.2/xercesImpl-2.12.2.jar:/Users/kaustav/.m2/repository/xml-apis/xml-apis/1.4.01/xml-apis-1.4.01.jar:/Users/kaustav/.m2/repository/org/apache/tika/tika-parser-xmp-commons/2.9.1/tika-parser-xmp-commons-2.9.1.jar:/Users/kaustav/.m2/repository/org/apache/pdfbox/xmpbox/2.0.29/xmpbox-2.0.29.jar:/Users/kaustav/.m2/repository/org/gagravarr/vorbis-java-tika/0.8/vorbis-java-tika-0.8.jar:/Users/kaustav/.m2/repository/org/gagravarr/vorbis-java-core/0.8/vorbis-java-core-0.8.jar:/Users/kaustav/.m2/repository/org/jsoup/jsoup/1.17.2/jsoup-1.17.2.jar:/Users/kaustav/.m2/repository/org/springframework/boot/spring-boot-starter-test/3.2.5/spring-boot-starter-test-3.2.5.jar:/Users/kaustav/.m2/repository/org/springframework/boot/spring-boot-test/3.2.5/spring-boot-test-3.2.5.jar:/Users/kaustav/.m2/repository/org/springframework/boot/spring-boot-test-autoconfigure/3.2.5/spring-boot-test-autoconfigure-3.2.5.jar:/Users/kaustav/.m2/repository/com/jayway/jsonpath/json-path/2.9.0/json-path-2.9.0.jar:/Users/kaustav/.m2/repository/jakarta/xml/bind/jakarta.xml.bind-api/4.0.2/jakarta.xml.bind-api-4.0.2.jar:/Users/kaustav/.m2/repository/jakarta/activation/jakarta.activation-api/2.1.3/jakarta.activation-api-2.1.3.jar:/Users/kaustav/.m2/repository/net/minidev/json-smart/2.5.1/json-smart-2.5.1.jar:/Users/kaustav/.m2/repository/net/minidev/accessors-smart/2.5.1/accessors-smart-2.5.1.jar:/Users/kaustav/.m2/repository/org/assertj/assertj-core/3.24.2/assertj-core-3.24.2.jar:/Users/kaustav/.m2/repository/net/bytebuddy/byte-buddy/1.14.13/byte-buddy-1.14.13.jar:/Users/kaustav/.m2/repository/org/awaitility/awaitility/4.2.1/awaitility-4.2.1.jar:/Users/kaustav/.m2/repository/org/hamcrest/hamcrest/2.2/hamcrest-2.2.jar:/Users/kaustav/.m2/repository/org/junit/jupiter/junit-jupiter/5.10.2/junit-jupiter-5.10.2.jar:/Users/kaustav/.m2/repository/org/junit/jupiter/junit-jupiter-api/5.10.2/junit-jupiter-api-5.10.2.jar:/Users/kaustav/.m2/repository/org/opentest4j/opentest4j/1.3.0/opentest4j-1.3.0.jar:/Users/kaustav/.m2/repository/org/junit/platform/junit-platform-commons/1.10.2/junit-platform-commons-1.10.2.jar:/Users/kaustav/.m2/repository/org/apiguardian/apiguardian-api/1.1.2/apiguardian-api-1.1.2.jar:/Users/kaustav/.m2/repository/org/junit/jupiter/junit-jupiter-params/5.10.2/junit-jupiter-params-5.10.2.jar:/Users/kaustav/.m2/repository/org/junit/jupiter/junit-jupiter-engine/5.10.2/junit-jupiter-engine-5.10.2.jar:/Users/kaustav/.m2/repository/org/junit/platform/junit-platform-engine/1.10.2/junit-platform-engine-1.10.2.jar:/Users/kaustav/.m2/repository/org/mockito/mockito-core/5.7.0/mockito-core-5.7.0.jar:/Users/kaustav/.m2/repository/net/bytebuddy/byte-buddy-agent/1.14.13/byte-buddy-agent-1.14.13.jar:/Users/kaustav/.m2/repository/org/objenesis/objenesis/3.3/objenesis-3.3.jar:/Users/kaustav/.m2/repository/org/mockito/mockito-junit-jupiter/5.7.0/mockito-junit-jupiter-5.7.0.jar:/Users/kaustav/.m2/repository/org/skyscreamer/jsonassert/1.5.1/jsonassert-1.5.1.jar:/Users/kaustav/.m2/repository/com/vaadin/external/google/android-json/0.0.20131108.vaadin1/android-json-0.0.20131108.vaadin1.jar:/Users/kaustav/.m2/repository/org/springframework/spring-core/6.1.6/spring-core-6.1.6.jar:/Users/kaustav/.m2/repository/org/springframework/spring-jcl/6.1.6/spring-jcl-6.1.6.jar:/Users/kaustav/.m2/repository/org/springframework/spring-test/6.1.6/spring-test-6.1.6.jar:/Users/kaustav/.m2/repository/org/xmlunit/xmlunit-core/2.9.1/xmlunit-core-2.9.1.jar:"/>
    <property name="sun.cpu.endian" value="little"/>
    <property name="user.home" value="/Users/kaustav"/>
    <property name="user.language" value="en"/>
    <property name="java.specification.vendor" value="Oracle Corporation"/>
    <property name="java.version.date" value="2025-04-15"/>
    <property name="java.home" value="/opt/homebrew/Cellar/openjdk@21/21.0.7/libexec/openjdk.jdk/Contents/Home"/>
    <property name="file.separator" value="/"/>
    <property name="basedir" value="/Users/kaustav/dev/QA-Agent/parser-service"/>
    <property name="java.vm.compressedOopsMode" value="Zero based"/>
    <property name="line.separator" value="&#10;"/>
    <property name="java.vm.specification.vendor" value="Oracle Corporation"/>
    <property name="java.specification.name" value="Java Platform API Specification"/>
    <property name="FILE_LOG_CHARSET" value="UTF-8"/>
    <property name="java.awt.headless" value="true"/>
    <property name="apple.awt.application.name" value="ForkedBooter"/>
    <property name="surefire.real.class.path" value="/Users/kaustav/dev/QA-Agent/parser-service/target/surefire/surefirebooter-20250807170539176_8.jar"/>
    <property name="sun.management.compiler" value="HotSpot 64-Bit Tiered Compilers"/>
    <property name="ftp.nonProxyHosts" value="local|*.local|169.254/16|*.169.254/16"/>
    <property name="java.runtime.version" value="21.0.7"/>
    <property name="user.name" value="kaustav"/>
    <property name="stdout.encoding" value="UTF-8"/>
    <property name="path.separator" value=":"/>
    <property name="os.version" value="15.6"/>
    <property name="java.runtime.name" value="OpenJDK Runtime Environment"/>
    <property name="file.encoding" value="UTF-8"/>
    <property name="java.vm.name" value="OpenJDK 64-Bit Server VM"/>
    <property name="java.vendor.version" value="Homebrew"/>
    <property name="localRepository" value="/Users/kaustav/.m2/repository"/>
    <property name="java.vendor.url.bug" value="https://github.com/Homebrew/homebrew-core/issues"/>
    <property name="java.io.tmpdir" value="/var/folders/cn/65pg4qvn40d6c23s12dl8b200000gn/T/"/>
    <property name="java.version" value="21.0.7"/>
    <property name="user.dir" value="/Users/kaustav/dev/QA-Agent/parser-service"/>
    <property name="os.arch" value="aarch64"/>
    <property name="java.vm.specification.name" value="Java Virtual Machine Specification"/>
    <property name="PID" value="9499"/>
    <property name="CONSOLE_LOG_CHARSET" value="UTF-8"/>
    <property name="native.encoding" value="UTF-8"/>
    <property name="java.library.path" value="/Users/kaustav/Library/Java/Extensions:/Library/Java/Extensions:/Network/Library/Java/Extensions:/System/Library/Java/Extensions:/usr/lib/java:."/>
    <property name="java.vm.info" value="mixed mode, sharing"/>
    <property name="stderr.encoding" value="UTF-8"/>
    <property name="java.vendor" value="Homebrew"/>
    <property name="java.vm.version" value="21.0.7"/>
    <property name="sun.io.unicode.encoding" value="UnicodeBig"/>
    <property name="socksNonProxyHosts" value="local|*.local|169.254/16|*.169.254/16"/>
    <property name="java.class.version" value="65.0"/>
  </properties>
  <testcase name="contextLoads" classname="com.example.sec.parser.ParserServiceApplicationTests" time="0.324">
    <system-out><![CDATA[17:05:39.397 [main] INFO org.springframework.test.context.support.AnnotationConfigContextLoaderUtils -- Could not detect default configuration classes for test class [com.example.sec.parser.ParserServiceApplicationTests]: ParserServiceApplicationTests does not declare any static, non-private, non-final, nested classes annotated with @Configuration.
17:05:39.423 [main] INFO org.springframework.boot.test.context.SpringBootTestContextBootstrapper -- Found @SpringBootConfiguration com.example.sec.parser.ParserServiceApplication for test class com.example.sec.parser.ParserServiceApplicationTests

  .   ____          _            __ _ _
 /\\ / ___'_ __ _ _(_)_ __  __ _ \ \ \ \
( ( )\___ | '_ | '_| | '_ \/ _` | \ \ \ \
 \\/  ___)| |_)| | | | | || (_| |  ) ) ) )
  '  |____| .__|_| |_|_| |_\__, | / / / /
 =========|_|==============|___/=/_/_/_/
 :: Spring Boot ::                (v3.2.5)

2025-08-07T17:05:39.525+05:30  INFO 9499 --- [           main] c.e.s.p.ParserServiceApplicationTests    : Starting ParserServiceApplicationTests using Java 21.0.7 with PID 9499 (started by kaustav in /Users/kaustav/dev/QA-Agent/parser-service)
2025-08-07T17:05:39.526+05:30  INFO 9499 --- [           main] c.e.s.p.ParserServiceApplicationTests    : No active profile set, falling back to 1 default profile: "default"
2025-08-07T17:05:39.886+05:30  INFO 9499 --- [           main] c.e.s.p.ParserServiceApplicationTests    : Started ParserServiceApplicationTests in 0.431 seconds (process running for 0.696)
]]></system-out>
    <system-err><![CDATA[WARNING: A Java agent has been loaded dynamically (/Users/kaustav/.m2/repository/net/bytebuddy/byte-buddy-agent/1.14.13/byte-buddy-agent-1.14.13.jar)
WARNING: If a serviceability tool is in use, please run with -XX:+EnableDynamicAgentLoading to hide this warning
WARNING: If a serviceability tool is not in use, please run with -Djdk.instrument.traceUsage for more information
WARNING: Dynamic loading of agents will be disallowed by default in a future release
]]></system-err>
  </testcase>
</testsuite>